{"name":"Verify Signin Functionality","status":"broken","statusDetails":{"known":false,"muted":false,"flaky":false,"message":"element click intercepted: Element <button prevent-default=\"\" class=\"button primary compact\" data-v-504a77b7=\"\" data-v-1a0bf73c=\"\">...</button> is not clickable at point (960, 25). Other element would receive the click: <div data-v-2ca87226=\"\" class=\"overlay\"></div>\n  (Session info: chrome=98.0.4758.82)\nBuild info: version: '3.141.59', revision: 'e82be7d358', time: '2018-11-14T08:17:03'\nSystem info: host: 'DESKTOP-K2UK4PN', ip: '192.168.1.63', os.name: 'Windows 10', os.arch: 'amd64', os.version: '10.0', java.version: '11.0.7'\nDriver info: org.openqa.selenium.chrome.ChromeDriver\nCapabilities {acceptInsecureCerts: false, browserName: chrome, browserVersion: 98.0.4758.82, chrome: {chromedriverVersion: 98.0.4758.102 (273bf7ac8c90..., userDataDir: C:\\Users\\engra\\AppData\\Loca...}, goog:chromeOptions: {debuggerAddress: localhost:52510}, javascriptEnabled: true, networkConnectionEnabled: false, pageLoadStrategy: normal, platform: WINDOWS, platformName: WINDOWS, proxy: Proxy(), setWindowRect: true, strictFileInteractability: false, timeouts: {implicit: 0, pageLoad: 300000, script: 30000}, unhandledPromptBehavior: dismiss and notify, webauthn:extension:credBlob: true, webauthn:extension:largeBlob: true, webauthn:virtualAuthenticators: true}\nSession ID: 8a433e702ef7eda4ee277a88d7d8219b","trace":"org.openqa.selenium.ElementClickInterceptedException: element click intercepted: Element <button prevent-default=\"\" class=\"button primary compact\" data-v-504a77b7=\"\" data-v-1a0bf73c=\"\">...</button> is not clickable at point (960, 25). Other element would receive the click: <div data-v-2ca87226=\"\" class=\"overlay\"></div>\n  (Session info: chrome=98.0.4758.82)\nBuild info: version: '3.141.59', revision: 'e82be7d358', time: '2018-11-14T08:17:03'\nSystem info: host: 'DESKTOP-K2UK4PN', ip: '192.168.1.63', os.name: 'Windows 10', os.arch: 'amd64', os.version: '10.0', java.version: '11.0.7'\nDriver info: org.openqa.selenium.chrome.ChromeDriver\nCapabilities {acceptInsecureCerts: false, browserName: chrome, browserVersion: 98.0.4758.82, chrome: {chromedriverVersion: 98.0.4758.102 (273bf7ac8c90..., userDataDir: C:\\Users\\engra\\AppData\\Loca...}, goog:chromeOptions: {debuggerAddress: localhost:52510}, javascriptEnabled: true, networkConnectionEnabled: false, pageLoadStrategy: normal, platform: WINDOWS, platformName: WINDOWS, proxy: Proxy(), setWindowRect: true, strictFileInteractability: false, timeouts: {implicit: 0, pageLoad: 300000, script: 30000}, unhandledPromptBehavior: dismiss and notify, webauthn:extension:credBlob: true, webauthn:extension:largeBlob: true, webauthn:virtualAuthenticators: true}\nSession ID: 8a433e702ef7eda4ee277a88d7d8219b\r\n\tat java.base/jdk.internal.reflect.NativeConstructorAccessorImpl.newInstance0(Native Method)\r\n\tat java.base/jdk.internal.reflect.NativeConstructorAccessorImpl.newInstance(NativeConstructorAccessorImpl.java:62)\r\n\tat java.base/jdk.internal.reflect.DelegatingConstructorAccessorImpl.newInstance(DelegatingConstructorAccessorImpl.java:45)\r\n\tat java.base/java.lang.reflect.Constructor.newInstance(Constructor.java:490)\r\n\tat org.openqa.selenium.remote.http.W3CHttpResponseCodec.createException(W3CHttpResponseCodec.java:187)\r\n\tat org.openqa.selenium.remote.http.W3CHttpResponseCodec.decode(W3CHttpResponseCodec.java:122)\r\n\tat org.openqa.selenium.remote.http.W3CHttpResponseCodec.decode(W3CHttpResponseCodec.java:49)\r\n\tat org.openqa.selenium.remote.HttpCommandExecutor.execute(HttpCommandExecutor.java:158)\r\n\tat org.openqa.selenium.remote.service.DriverCommandExecutor.execute(DriverCommandExecutor.java:83)\r\n\tat org.openqa.selenium.remote.RemoteWebDriver.execute(RemoteWebDriver.java:552)\r\n\tat org.openqa.selenium.remote.RemoteWebElement.execute(RemoteWebElement.java:285)\r\n\tat org.openqa.selenium.remote.RemoteWebElement.click(RemoteWebElement.java:84)\r\n\tat pages.LandingPage.click_Login_Btn(LandingPage.java:17)\r\n\tat step_definitions.TestDef_Login_Functionalities.i_click_on_Signin_Menu(TestDef_Login_Functionalities.java:27)\r\n\tat ✽.I click on Signin Menu(file:///C:/Java/workspace/KNIME_Project/src/test/resources/features/Feature_Login_Functionalities.feature:7)\r\n"},"stage":"finished","description":"  I want to use this template for my feature file","steps":[{"name":"Given  I am in landing page","status":"passed","statusDetails":{"known":false,"muted":false,"flaky":false},"stage":"finished","steps":[],"attachments":[],"parameters":[],"start":1645257479391,"stop":1645257480399},{"name":"When  I click on Signin Menu","status":"broken","statusDetails":{"known":false,"muted":false,"flaky":false,"message":"element click intercepted: Element <button prevent-default=\"\" class=\"button primary compact\" data-v-504a77b7=\"\" data-v-1a0bf73c=\"\">...</button> is not clickable at point (960, 25). Other element would receive the click: <div data-v-2ca87226=\"\" class=\"overlay\"></div>\n  (Session info: chrome=98.0.4758.82)\nBuild info: version: '3.141.59', revision: 'e82be7d358', time: '2018-11-14T08:17:03'\nSystem info: host: 'DESKTOP-K2UK4PN', ip: '192.168.1.63', os.name: 'Windows 10', os.arch: 'amd64', os.version: '10.0', java.version: '11.0.7'\nDriver info: org.openqa.selenium.chrome.ChromeDriver\nCapabilities {acceptInsecureCerts: false, browserName: chrome, browserVersion: 98.0.4758.82, chrome: {chromedriverVersion: 98.0.4758.102 (273bf7ac8c90..., userDataDir: C:\\Users\\engra\\AppData\\Loca...}, goog:chromeOptions: {debuggerAddress: localhost:52510}, javascriptEnabled: true, networkConnectionEnabled: false, pageLoadStrategy: normal, platform: WINDOWS, platformName: WINDOWS, proxy: Proxy(), setWindowRect: true, strictFileInteractability: false, timeouts: {implicit: 0, pageLoad: 300000, script: 30000}, unhandledPromptBehavior: dismiss and notify, webauthn:extension:credBlob: true, webauthn:extension:largeBlob: true, webauthn:virtualAuthenticators: true}\nSession ID: 8a433e702ef7eda4ee277a88d7d8219b","trace":"org.openqa.selenium.ElementClickInterceptedException: element click intercepted: Element <button prevent-default=\"\" class=\"button primary compact\" data-v-504a77b7=\"\" data-v-1a0bf73c=\"\">...</button> is not clickable at point (960, 25). Other element would receive the click: <div data-v-2ca87226=\"\" class=\"overlay\"></div>\n  (Session info: chrome=98.0.4758.82)\nBuild info: version: '3.141.59', revision: 'e82be7d358', time: '2018-11-14T08:17:03'\nSystem info: host: 'DESKTOP-K2UK4PN', ip: '192.168.1.63', os.name: 'Windows 10', os.arch: 'amd64', os.version: '10.0', java.version: '11.0.7'\nDriver info: org.openqa.selenium.chrome.ChromeDriver\nCapabilities {acceptInsecureCerts: false, browserName: chrome, browserVersion: 98.0.4758.82, chrome: {chromedriverVersion: 98.0.4758.102 (273bf7ac8c90..., userDataDir: C:\\Users\\engra\\AppData\\Loca...}, goog:chromeOptions: {debuggerAddress: localhost:52510}, javascriptEnabled: true, networkConnectionEnabled: false, pageLoadStrategy: normal, platform: WINDOWS, platformName: WINDOWS, proxy: Proxy(), setWindowRect: true, strictFileInteractability: false, timeouts: {implicit: 0, pageLoad: 300000, script: 30000}, unhandledPromptBehavior: dismiss and notify, webauthn:extension:credBlob: true, webauthn:extension:largeBlob: true, webauthn:virtualAuthenticators: true}\nSession ID: 8a433e702ef7eda4ee277a88d7d8219b\r\n\tat java.base/jdk.internal.reflect.NativeConstructorAccessorImpl.newInstance0(Native Method)\r\n\tat java.base/jdk.internal.reflect.NativeConstructorAccessorImpl.newInstance(NativeConstructorAccessorImpl.java:62)\r\n\tat java.base/jdk.internal.reflect.DelegatingConstructorAccessorImpl.newInstance(DelegatingConstructorAccessorImpl.java:45)\r\n\tat java.base/java.lang.reflect.Constructor.newInstance(Constructor.java:490)\r\n\tat org.openqa.selenium.remote.http.W3CHttpResponseCodec.createException(W3CHttpResponseCodec.java:187)\r\n\tat org.openqa.selenium.remote.http.W3CHttpResponseCodec.decode(W3CHttpResponseCodec.java:122)\r\n\tat org.openqa.selenium.remote.http.W3CHttpResponseCodec.decode(W3CHttpResponseCodec.java:49)\r\n\tat org.openqa.selenium.remote.HttpCommandExecutor.execute(HttpCommandExecutor.java:158)\r\n\tat org.openqa.selenium.remote.service.DriverCommandExecutor.execute(DriverCommandExecutor.java:83)\r\n\tat org.openqa.selenium.remote.RemoteWebDriver.execute(RemoteWebDriver.java:552)\r\n\tat org.openqa.selenium.remote.RemoteWebElement.execute(RemoteWebElement.java:285)\r\n\tat org.openqa.selenium.remote.RemoteWebElement.click(RemoteWebElement.java:84)\r\n\tat pages.LandingPage.click_Login_Btn(LandingPage.java:17)\r\n\tat step_definitions.TestDef_Login_Functionalities.i_click_on_Signin_Menu(TestDef_Login_Functionalities.java:27)\r\n\tat ✽.I click on Signin Menu(file:///C:/Java/workspace/KNIME_Project/src/test/resources/features/Feature_Login_Functionalities.feature:7)\r\n"},"stage":"finished","steps":[],"attachments":[],"parameters":[],"start":1645257480402,"stop":1645257481546},{"name":"Then  verify I am in KNIME Signin Page","status":"skipped","statusDetails":{"known":false,"muted":false,"flaky":false},"stage":"finished","steps":[],"attachments":[],"parameters":[],"start":1645257481546,"stop":1645257481548},{"name":"And  I enter Login Id","status":"skipped","statusDetails":{"known":false,"muted":false,"flaky":false},"stage":"finished","steps":[],"attachments":[],"parameters":[],"start":1645257481548,"stop":1645257481548},{"name":"And  I enter Password","status":"skipped","statusDetails":{"known":false,"muted":false,"flaky":false},"stage":"finished","steps":[],"attachments":[],"parameters":[],"start":1645257481548,"stop":1645257481549},{"name":"And  Click on Signin Button","status":"skipped","statusDetails":{"known":false,"muted":false,"flaky":false},"stage":"finished","steps":[],"attachments":[],"parameters":[],"start":1645257481549,"stop":1645257481549},{"name":"Then  Verify Welcome Text","status":"skipped","statusDetails":{"known":false,"muted":false,"flaky":false},"stage":"finished","steps":[],"attachments":[],"parameters":[],"start":1645257481549,"stop":1645257481549},{"name":"Then  I click on A Button","status":"skipped","statusDetails":{"known":false,"muted":false,"flaky":false},"stage":"finished","steps":[],"attachments":[],"parameters":[],"start":1645257481549,"stop":1645257481549},{"name":"Then  I click on Space Button","status":"skipped","statusDetails":{"known":false,"muted":false,"flaky":false},"stage":"finished","steps":[],"attachments":[],"parameters":[],"start":1645257481550,"stop":1645257481550},{"name":"And  Verify your space test","status":"skipped","statusDetails":{"known":false,"muted":false,"flaky":false},"stage":"finished","steps":[],"attachments":[],"parameters":[],"start":1645257481550,"stop":1645257481550},{"name":"And  I click Create New Space","status":"skipped","statusDetails":{"known":false,"muted":false,"flaky":false},"stage":"finished","steps":[],"attachments":[],"parameters":[],"start":1645257481550,"stop":1645257481550},{"name":"Then  I click on Private Button","status":"skipped","statusDetails":{"known":false,"muted":false,"flaky":false},"stage":"finished","steps":[],"attachments":[],"parameters":[],"start":1645257481551,"stop":1645257481551},{"name":"And  Verify search box put space name and enter","status":"skipped","statusDetails":{"known":false,"muted":false,"flaky":false},"stage":"finished","steps":[],"attachments":[],"parameters":[],"start":1645257481551,"stop":1645257481551},{"name":"Then  I click on Burger Menu","status":"skipped","statusDetails":{"known":false,"muted":false,"flaky":false},"stage":"finished","steps":[],"attachments":[],"parameters":[],"start":1645257481551,"stop":1645257481551},{"name":"And  I click Delete Space","status":"skipped","statusDetails":{"known":false,"muted":false,"flaky":false},"stage":"finished","steps":[],"attachments":[],"parameters":[],"start":1645257481552,"stop":1645257481552}],"attachments":[],"parameters":[],"start":1645257477583,"stop":1645257481851,"uuid":"78958f3b-f5e8-4be1-b3e5-da18f6b26b7c","historyId":"3b54128c6224d959759db6a6980938e2","fullName":"Login fuctionalities of your feature: Verify Signin Functionality","labels":[{"name":"host","value":"DESKTOP-K2UK4PN"},{"name":"thread","value":"14160@DESKTOP-K2UK4PN.main(1)"},{"name":"feature","value":"Login fuctionalities of your feature"},{"name":"story","value":"Verify Signin Functionality"},{"name":"suite","value":"Login fuctionalities of your feature"},{"name":"testClass","value":"Verify Signin Functionality"},{"name":"framework","value":"cucumber4jvm"},{"name":"language","value":"java"},{"name":"gherkin_uri","value":"file:///C:/Java/workspace/KNIME_Project/src/test/resources/features/Feature_Login_Functionalities.feature"},{"name":"package","value":"src.test.resources.features.Feature_Login_Functionalities_feature.Login fuctionalities of your feature"}],"links":[]}